<?xml version="1.0" encoding="UTF-8"?>
<!-- Generated by org.testng.reporters.JUnitReportReporter -->
<testsuite skipped="0" hostname="LAPTOP-PVKNAV4O" name="githubpractice.Demo1Test" tests="1" failures="0" timestamp="12 Nov 2021 07:07:06 GMT" time="0.026" errors="0">
  <testcase name="simple" time="0.026" classname="githubpractice.Demo1Test"/>
</testsuite> <!-- githubpractice.Demo1Test -->
